<?xml version="1.0" encoding="UTF-8"?>
<testng-results skipped="0" failed="0" ignored="0" total="1" passed="1">
  <reporter-output>
  </reporter-output>
  <suite name="Default suite" duration-ms="23942" started-at="2021-05-20T22:50:29 IST" finished-at="2021-05-20T22:50:53 IST">
    <groups>
    </groups>
    <test name="Default test" duration-ms="23942" started-at="2021-05-20T22:50:29 IST" finished-at="2021-05-20T22:50:53 IST">
      <class name="Demo.iframe_demo2">
        <test-method status="PASS" signature="testFrames()[pri:0, instance:Demo.iframe_demo2@6321e813]" name="testFrames" duration-ms="23912" started-at="2021-05-20T22:50:29 IST" finished-at="2021-05-20T22:50:53 IST">
          <reporter-output>
          </reporter-output>
        </test-method> <!-- testFrames -->
      </class> <!-- Demo.iframe_demo2 -->
    </test> <!-- Default test -->
  </suite> <!-- Default suite -->
</testng-results>
